<?xml version="1.0" encoding="UTF-8"?>
<testng-results ignored="0" total="2" passed="2" failed="0" skipped="0">
  <reporter-output>
  </reporter-output>
  <suite started-at="2025-02-18T16:45:38 GMT-08:00" name="Suite" finished-at="2025-02-18T16:45:53 GMT-08:00" duration-ms="14629">
    <groups>
    </groups>
    <test started-at="2025-02-18T16:45:38 GMT-08:00" name="Test" finished-at="2025-02-18T16:45:53 GMT-08:00" duration-ms="14629">
      <class name="testcases.TC001_AccountRegistrationPage">
        <test-method is-config="true" signature="setUp(java.lang.String,java.lang.String)[pri:0, instance:testcases.TC001_AccountRegistrationPage@7c7b252e]" started-at="2025-02-18T16:45:38 GMT-08:00" name="setUp" finished-at="2025-02-18T16:45:43 GMT-08:00" duration-ms="4585" status="PASS">
          <params>
            <param index="0">
              <value>
                <![CDATA[Windows]]>
              </value>
            </param>
            <param index="1">
              <value>
                <![CDATA[chrome]]>
              </value>
            </param>
          </params>
          <reporter-output>
          </reporter-output>
        </test-method> <!-- setUp -->
        <test-method signature="test()[pri:0, instance:testcases.TC001_AccountRegistrationPage@7c7b252e]" started-at="2025-02-18T16:45:43 GMT-08:00" name="test" finished-at="2025-02-18T16:45:46 GMT-08:00" duration-ms="2480" status="PASS">
          <reporter-output>
          </reporter-output>
        </test-method> <!-- test -->
        <test-method is-config="true" signature="tearDown()[pri:0, instance:testcases.TC001_AccountRegistrationPage@7c7b252e]" started-at="2025-02-18T16:45:46 GMT-08:00" name="tearDown" finished-at="2025-02-18T16:45:46 GMT-08:00" duration-ms="629" status="PASS">
          <reporter-output>
          </reporter-output>
        </test-method> <!-- tearDown -->
      </class> <!-- testcases.TC001_AccountRegistrationPage -->
      <class name="testcases.TC002_Login">
        <test-method is-config="true" signature="setUp(java.lang.String,java.lang.String)[pri:0, instance:testcases.TC002_Login@7b2bbc3]" started-at="2025-02-18T16:45:46 GMT-08:00" name="setUp" finished-at="2025-02-18T16:45:50 GMT-08:00" duration-ms="3353" status="PASS">
          <params>
            <param index="0">
              <value>
                <![CDATA[Windows]]>
              </value>
            </param>
            <param index="1">
              <value>
                <![CDATA[chrome]]>
              </value>
            </param>
          </params>
          <reporter-output>
          </reporter-output>
        </test-method> <!-- setUp -->
        <test-method signature="verifyLogin()[pri:0, instance:testcases.TC002_Login@7b2bbc3]" started-at="2025-02-18T16:45:50 GMT-08:00" name="verifyLogin" finished-at="2025-02-18T16:45:52 GMT-08:00" duration-ms="2024" status="PASS">
          <reporter-output>
          </reporter-output>
        </test-method> <!-- verifyLogin -->
        <test-method is-config="true" signature="tearDown()[pri:0, instance:testcases.TC002_Login@7b2bbc3]" started-at="2025-02-18T16:45:52 GMT-08:00" name="tearDown" finished-at="2025-02-18T16:45:53 GMT-08:00" duration-ms="1504" status="PASS">
          <reporter-output>
          </reporter-output>
        </test-method> <!-- tearDown -->
      </class> <!-- testcases.TC002_Login -->
    </test> <!-- Test -->
  </suite> <!-- Suite -->
</testng-results>
