<?xml version="1.0" encoding="UTF-8"?>
<testng-results ignored="0" total="2" passed="2" failed="0" skipped="0">
  <reporter-output>
  </reporter-output>
  <suite started-at="2025-02-18T16:40:00 GMT-08:00" name="Suite" finished-at="2025-02-18T16:40:17 GMT-08:00" duration-ms="16386">
    <groups>
    </groups>
    <test started-at="2025-02-18T16:40:00 GMT-08:00" name="Test" finished-at="2025-02-18T16:40:17 GMT-08:00" duration-ms="16386">
      <class name="testcases.TC001_AccountRegistrationPage">
        <test-method is-config="true" signature="setUp(java.lang.String,java.lang.String)[pri:0, instance:testcases.TC001_AccountRegistrationPage@69453e37]" started-at="2025-02-18T16:40:00 GMT-08:00" name="setUp" finished-at="2025-02-18T16:40:06 GMT-08:00" duration-ms="5782" status="PASS">
          <params>
            <param index="0">
              <value>
                <![CDATA[Windows]]>
              </value>
            </param>
            <param index="1">
              <value>
                <![CDATA[chrome]]>
              </value>
            </param>
          </params>
          <reporter-output>
          </reporter-output>
        </test-method> <!-- setUp -->
        <test-method signature="test()[pri:0, instance:testcases.TC001_AccountRegistrationPage@69453e37]" started-at="2025-02-18T16:40:06 GMT-08:00" name="test" finished-at="2025-02-18T16:40:09 GMT-08:00" duration-ms="2620" status="PASS">
          <reporter-output>
          </reporter-output>
        </test-method> <!-- test -->
        <test-method is-config="true" signature="tearDown()[pri:0, instance:testcases.TC001_AccountRegistrationPage@69453e37]" started-at="2025-02-18T16:40:09 GMT-08:00" name="tearDown" finished-at="2025-02-18T16:40:09 GMT-08:00" duration-ms="512" status="PASS">
          <reporter-output>
          </reporter-output>
        </test-method> <!-- tearDown -->
      </class> <!-- testcases.TC001_AccountRegistrationPage -->
      <class name="testcases.TC002_Login">
        <test-method is-config="true" signature="setUp(java.lang.String,java.lang.String)[pri:0, instance:testcases.TC002_Login@43c1b556]" started-at="2025-02-18T16:40:09 GMT-08:00" name="setUp" finished-at="2025-02-18T16:40:13 GMT-08:00" duration-ms="4177" status="PASS">
          <params>
            <param index="0">
              <value>
                <![CDATA[Windows]]>
              </value>
            </param>
            <param index="1">
              <value>
                <![CDATA[chrome]]>
              </value>
            </param>
          </params>
          <reporter-output>
          </reporter-output>
        </test-method> <!-- setUp -->
        <test-method signature="verifyLogin()[pri:0, instance:testcases.TC002_Login@43c1b556]" started-at="2025-02-18T16:40:13 GMT-08:00" name="verifyLogin" finished-at="2025-02-18T16:40:16 GMT-08:00" duration-ms="2080" status="PASS">
          <reporter-output>
          </reporter-output>
        </test-method> <!-- verifyLogin -->
        <test-method is-config="true" signature="tearDown()[pri:0, instance:testcases.TC002_Login@43c1b556]" started-at="2025-02-18T16:40:16 GMT-08:00" name="tearDown" finished-at="2025-02-18T16:40:17 GMT-08:00" duration-ms="1098" status="PASS">
          <reporter-output>
          </reporter-output>
        </test-method> <!-- tearDown -->
      </class> <!-- testcases.TC002_Login -->
    </test> <!-- Test -->
  </suite> <!-- Suite -->
</testng-results>
